<?xml version="1.0" encoding="UTF-8"?>
<!-- Generated by org.testng.reporters.JUnitReportReporter -->
<testsuite skipped="0" hostname="HO-IT-Fahim_D" name="org.example.Runner.PreInvoiceTestRunner" tests="2" failures="0" timestamp="2023-08-17T11:41:52 BDT" time="25.518" errors="0">
  <testcase name="runScenario" time="13.797" classname="org.example.Runner.PreInvoiceTestRunner"/>
  <testcase name="runScenario" time="11.721" classname="org.example.Runner.PreInvoiceTestRunner"/>
</testsuite> <!-- org.example.Runner.PreInvoiceTestRunner -->
