<?xml version="1.0" encoding="UTF-8"?>
<!-- Generated by org.testng.reporters.JUnitReportReporter -->
<testsuite skipped="0" hostname="HO-IT-Fahim_D" name="org.example.Runner.PreInvoiceTestRunner" tests="2" failures="0" timestamp="2023-10-25T09:47:11 BDT" time="56.768" errors="0">
  <testcase name="runScenario" time="45.323" classname="org.example.Runner.PreInvoiceTestRunner"/>
  <testcase name="runScenario" time="11.445" classname="org.example.Runner.PreInvoiceTestRunner"/>
</testsuite> <!-- org.example.Runner.PreInvoiceTestRunner -->
