<?xml version="1.0" encoding="UTF-8"?>
<!-- Generated by org.testng.reporters.JUnitReportReporter -->
<testsuite hostname="HO-IT-Fahim_D" name="org.example.Runner.DashboardTestRunner" tests="1" failures="0" timestamp="14 Aug 2023 10:12:14 GMT" time="8.251" errors="0">
  <testcase name="runScenario" time="8.251" classname="org.example.Runner.DashboardTestRunner"/>
</testsuite>
