<?xml version="1.0" encoding="UTF-8"?>
<!-- Generated by org.testng.reporters.JUnitReportReporter -->
<testsuite skipped="0" hostname="HO-P-FAHIM-IT" name="org.example.Runner.CollectionsTestRunner" tests="2" failures="0" timestamp="2024-01-08T16:19:43 BDT" time="23.016" errors="0">
  <testcase name="runScenario" time="13.785" classname="org.example.Runner.CollectionsTestRunner"/>
  <system-out/>
  <testcase name="runScenario" time="9.231" classname="org.example.Runner.CollectionsTestRunner"/>
  <system-out/>
</testsuite> <!-- org.example.Runner.CollectionsTestRunner -->
