<?xml version="1.0" encoding="UTF-8"?>
<!-- Generated by org.testng.reporters.JUnitReportReporter -->
<testsuite skipped="0" hostname="HO-IT-Fahim_D" name="org.example.Runner.CancelInvoiceTestRunner" tests="2" failures="0" timestamp="2023-08-21T16:08:58 BDT" time="22.126" errors="0">
  <testcase name="runScenario" time="10.304" classname="org.example.Runner.CancelInvoiceTestRunner"/>
  <testcase name="runScenario" time="11.822" classname="org.example.Runner.CancelInvoiceTestRunner"/>
</testsuite> <!-- org.example.Runner.CancelInvoiceTestRunner -->
