<?xml version="1.0" encoding="UTF-8"?>
<!-- Generated by org.testng.reporters.JUnitReportReporter -->
<testsuite skipped="0" hostname="HO-IT-Fahim_D" name="org.example.Runner.ContactsTestRunner" tests="1" failures="0" timestamp="2023-08-17T11:41:52 BDT" time="6.810" errors="0">
  <testcase name="runScenario" time="6.810" classname="org.example.Runner.ContactsTestRunner"/>
</testsuite> <!-- org.example.Runner.ContactsTestRunner -->
