<?xml version="1.0" encoding="UTF-8"?>
<!-- Generated by org.testng.reporters.JUnitReportReporter -->
<testsuite skipped="0" hostname="HO-IT-Fahim_D" name="org.example.Runner.DashboardTestRunner" tests="1" failures="0" timestamp="2023-10-25T09:47:11 BDT" time="11.422" errors="0">
  <testcase name="runScenario" time="11.422" classname="org.example.Runner.DashboardTestRunner"/>
</testsuite> <!-- org.example.Runner.DashboardTestRunner -->
