<?xml version="1.0" encoding="UTF-8"?>
<!-- Generated by org.testng.reporters.JUnitReportReporter -->
<testsuite skipped="0" hostname="HO-IT-Fahim_D" name="org.example.Runner.DashboardTestRunner" tests="1" failures="0" timestamp="2023-08-21T16:08:58 BDT" time="13.055" errors="0">
  <testcase name="runScenario" time="13.055" classname="org.example.Runner.DashboardTestRunner"/>
</testsuite> <!-- org.example.Runner.DashboardTestRunner -->
