<?xml version="1.0" encoding="UTF-8"?>
<!-- Generated by org.testng.reporters.JUnitReportReporter -->
<testsuite skipped="0" hostname="HO-IT-Fahim_D" name="org.example.Runner.DistributorInvoicesTestRunner" tests="2" failures="0" timestamp="2023-08-21T16:08:58 BDT" time="23.893" errors="0">
  <testcase name="runScenario" time="12.800" classname="org.example.Runner.DistributorInvoicesTestRunner"/>
  <testcase name="runScenario" time="11.093" classname="org.example.Runner.DistributorInvoicesTestRunner"/>
</testsuite> <!-- org.example.Runner.DistributorInvoicesTestRunner -->
