<?xml version="1.0" encoding="UTF-8"?>
<!-- Generated by org.testng.reporters.JUnitReportReporter -->
<testsuite skipped="0" hostname="HO-P-FAHIM-IT" name="org.example.Runner.ContactsTestRunner" tests="1" failures="0" timestamp="2024-01-08T16:19:43 BDT" time="50.055" errors="0">
  <testcase name="runScenario" time="50.055" classname="org.example.Runner.ContactsTestRunner"/>
  <system-out/>
</testsuite> <!-- org.example.Runner.ContactsTestRunner -->
