<?xml version="1.0" encoding="UTF-8"?>
<!-- Generated by org.testng.reporters.JUnitReportReporter -->
<testsuite skipped="0" hostname="HO-IT-Fahim_D" name="org.example.Runner.PreviousPendingDeliveryTestRunner" tests="2" failures="0" timestamp="2023-08-17T11:41:52 BDT" time="35.242" errors="0">
  <testcase name="runScenario" time="15.882" classname="org.example.Runner.PreviousPendingDeliveryTestRunner"/>
  <testcase name="runScenario" time="19.360" classname="org.example.Runner.PreviousPendingDeliveryTestRunner"/>
</testsuite> <!-- org.example.Runner.PreviousPendingDeliveryTestRunner -->
