<?xml version="1.0" encoding="UTF-8"?>
<!-- Generated by org.testng.reporters.JUnitReportReporter -->
<testsuite hostname="HO-IT-Fahim_D" name="org.example.Runner.ContactsTestRunner" tests="1" failures="1" timestamp="16 Aug 2023 04:02:48 GMT" time="2.855" errors="0">
  <testcase name="runScenario" time="2.855" classname="org.example.Runner.ContactsTestRunner">
    <failure type="java.lang.NullPointerException">
      <![CDATA[java.lang.NullPointerException
	at org.example.Page_Options.navigatetourl(Page_Options.java:25)
	at org.example.StepDefinitions.Contacts.contacts(Contacts.java:13)
	at ?.login for accessing Contacts(file:///G:/Abul%20Hossain%20Chowdhury/Projects/Cucumber_For_AIR/src/test/resources/Features/Contacts.feature:5)
]]>
    </failure>
  </testcase>
</testsuite>
