<?xml version="1.0" encoding="UTF-8"?>
<!-- Generated by org.testng.reporters.JUnitReportReporter -->
<testsuite skipped="0" hostname="HO-IT-Fahim_D" name="org.example.Runner.CancelOrderTestRunner" tests="2" failures="0" timestamp="2023-08-21T16:08:58 BDT" time="24.051" errors="0">
  <testcase name="runScenario" time="10.897" classname="org.example.Runner.CancelOrderTestRunner"/>
  <testcase name="runScenario" time="13.154" classname="org.example.Runner.CancelOrderTestRunner"/>
</testsuite> <!-- org.example.Runner.CancelOrderTestRunner -->
