<?xml version="1.0" encoding="UTF-8"?>
<!-- Generated by org.testng.reporters.JUnitReportReporter -->
<testsuite skipped="0" hostname="HO-P-FAHIM-IT" name="org.example.Runner.DistributorInvoicesTestRunner" tests="2" failures="0" timestamp="2024-01-08T16:19:43 BDT" time="31.380" errors="0">
  <testcase name="runScenario" time="20.266" classname="org.example.Runner.DistributorInvoicesTestRunner"/>
  <system-out/>
  <testcase name="runScenario" time="11.114" classname="org.example.Runner.DistributorInvoicesTestRunner"/>
  <system-out/>
</testsuite> <!-- org.example.Runner.DistributorInvoicesTestRunner -->
