<?xml version="1.0" encoding="UTF-8"?>
<!-- Generated by org.testng.reporters.JUnitReportReporter -->
<testsuite skipped="0" hostname="HO-IT-Fahim_D" name="org.example.Runner.PreviousPendingDeliveryTestRunner" tests="2" failures="0" timestamp="2023-08-21T08:42:20 BDT" time="26.457" errors="0">
  <testcase name="runScenario" time="14.996" classname="org.example.Runner.PreviousPendingDeliveryTestRunner"/>
  <testcase name="runScenario" time="11.461" classname="org.example.Runner.PreviousPendingDeliveryTestRunner"/>
</testsuite> <!-- org.example.Runner.PreviousPendingDeliveryTestRunner -->
