<?xml version="1.0" encoding="UTF-8"?>
<!-- Generated by org.testng.reporters.JUnitReportReporter -->
<testsuite hostname="HO-IT-Fahim_D" name="org.example.Runner.PreviousPendingDeliveryTestRunner" tests="2" failures="2" timestamp="16 Aug 2023 04:02:48 GMT" time="6.847" errors="0">
  <testcase name="runScenario" time="2.825" classname="org.example.Runner.PreviousPendingDeliveryTestRunner">
    <failure type="java.lang.NullPointerException">
      <![CDATA[java.lang.NullPointerException
	at org.example.Page_Options.navigatetourl(Page_Options.java:25)
	at org.example.StepDefinitions.PreviousPendingDelivery.login_to_search_previous_pending_delivery(PreviousPendingDelivery.java:13)
	at ?.Login to Search Previous Pending Delivery(file:///G:/Abul%20Hossain%20Chowdhury/Projects/Cucumber_For_AIR/src/test/resources/Features/PreviousPendingDelivery.feature:5)
]]>
    </failure>
  </testcase>
  <testcase name="runScenario" time="4.022" classname="org.example.Runner.PreviousPendingDeliveryTestRunner">
    <failure type="java.lang.NullPointerException">
      <![CDATA[java.lang.NullPointerException
	at org.example.BrowserUtils.closedriver(BrowserUtils.java:28)
	at org.example.StepDefinitions.PreviousPendingDelivery.close_the_previous_pending_delivery_window(PreviousPendingDelivery.java:57)
	at ?.close the Previous Pending Delivery window(file:///G:/Abul%20Hossain%20Chowdhury/Projects/Cucumber_For_AIR/src/test/resources/Features/PreviousPendingDelivery.feature:13)
]]>
    </failure>
  </testcase>
</testsuite>
