<?xml version="1.0" encoding="UTF-8"?>
<!-- Generated by org.testng.reporters.JUnitReportReporter -->
<testsuite hostname="HO-IT-Fahim_D" name="org.example.Runner.PreInvoiceTestRunner" tests="2" failures="2" timestamp="16 Aug 2023 04:02:48 GMT" time="5.710" errors="0">
  <testcase name="runScenario" time="2.857" classname="org.example.Runner.PreInvoiceTestRunner">
    <failure type="java.lang.NullPointerException">
      <![CDATA[java.lang.NullPointerException
	at org.example.Page_Options.navigatetourl(Page_Options.java:25)
	at org.example.StepDefinitions.PreInvoice.login_for_accessing_pre_invoice(PreInvoice.java:17)
	at ?.Login to Search PreInvoice(file:///G:/Abul%20Hossain%20Chowdhury/Projects/Cucumber_For_AIR/src/test/resources/Features/PreInvoice.feature:5)
]]>
    </failure>
  </testcase>
  <testcase name="runScenario" time="2.853" classname="org.example.Runner.PreInvoiceTestRunner">
    <failure type="java.lang.NullPointerException">
      <![CDATA[java.lang.NullPointerException
	at org.example.Page_Options.navigatetourl(Page_Options.java:25)
	at org.example.StepDefinitions.PreInvoice.login_for_creating_new_pre_invoice(PreInvoice.java:54)
	at ?.login for creating new preInvoice(file:///G:/Abul%20Hossain%20Chowdhury/Projects/Cucumber_For_AIR/src/test/resources/Features/PreInvoice.feature:11)
]]>
    </failure>
  </testcase>
</testsuite>
