<?xml version="1.0" encoding="UTF-8"?>
<!-- Generated by org.testng.reporters.JUnitReportReporter -->
<testsuite skipped="0" hostname="HO-P-FAHIM-IT" name="org.example.Runner.SalesReturnTestRunner" tests="2" failures="0" timestamp="2024-01-08T16:19:43 BDT" time="28.094" errors="0">
  <testcase name="runScenario" time="12.681" classname="org.example.Runner.SalesReturnTestRunner"/>
  <system-out/>
  <testcase name="runScenario" time="15.413" classname="org.example.Runner.SalesReturnTestRunner"/>
  <system-out/>
</testsuite> <!-- org.example.Runner.SalesReturnTestRunner -->
