<?xml version="1.0" encoding="UTF-8"?>
<!-- Generated by org.testng.reporters.JUnitReportReporter -->
<testsuite skipped="0" hostname="HO-P-FAHIM-IT" name="org.example.Runner.PreviousPendingDeliveryTestRunner" tests="2" failures="0" timestamp="2024-01-08T16:19:43 BDT" time="238.081" errors="0">
  <testcase name="runScenario" time="143.054" classname="org.example.Runner.PreviousPendingDeliveryTestRunner"/>
  <system-out/>
  <testcase name="runScenario" time="95.027" classname="org.example.Runner.PreviousPendingDeliveryTestRunner"/>
  <system-out/>
</testsuite> <!-- org.example.Runner.PreviousPendingDeliveryTestRunner -->
