<?xml version="1.0" encoding="UTF-8"?>
<!-- Generated by org.testng.reporters.JUnitReportReporter -->
<testsuite skipped="0" hostname="HO-IT-Fahim_D" name="org.example.Runner.OrderTestRunner" tests="2" failures="0" timestamp="2023-08-21T16:08:58 BDT" time="24.167" errors="0">
  <testcase name="runScenario" time="11.907" classname="org.example.Runner.OrderTestRunner"/>
  <testcase name="runScenario" time="12.260" classname="org.example.Runner.OrderTestRunner"/>
</testsuite> <!-- org.example.Runner.OrderTestRunner -->
