<?xml version="1.0" encoding="UTF-8"?>
<!-- Generated by org.testng.reporters.JUnitReportReporter -->
<testsuite skipped="0" hostname="HO-IT-Fahim_D" name="org.example.Runner.ContactsTestRunner" tests="1" failures="0" timestamp="2023-10-25T09:47:11 BDT" time="8.188" errors="0">
  <testcase name="runScenario" time="8.188" classname="org.example.Runner.ContactsTestRunner"/>
</testsuite> <!-- org.example.Runner.ContactsTestRunner -->
