<?xml version="1.0" encoding="UTF-8"?>
<!-- Generated by org.testng.reporters.JUnitReportReporter -->
<testsuite skipped="0" hostname="HO-IT-Fahim_D" name="org.example.Runner.OrderTestRunner" tests="2" failures="0" timestamp="2023-08-21T08:42:20 BDT" time="17.805" errors="0">
  <testcase name="runScenario" time="8.422" classname="org.example.Runner.OrderTestRunner"/>
  <testcase name="runScenario" time="9.383" classname="org.example.Runner.OrderTestRunner"/>
</testsuite> <!-- org.example.Runner.OrderTestRunner -->
