<?xml version="1.0" encoding="UTF-8"?>
<!-- Generated by org.testng.reporters.JUnitReportReporter -->
<testsuite skipped="0" hostname="HO-IT-Fahim_D" name="org.example.Runner.PreviousPendingDeliveryTestRunner" tests="2" failures="0" timestamp="2023-08-21T16:08:58 BDT" time="37.090" errors="0">
  <testcase name="runScenario" time="16.819" classname="org.example.Runner.PreviousPendingDeliveryTestRunner"/>
  <testcase name="runScenario" time="20.271" classname="org.example.Runner.PreviousPendingDeliveryTestRunner"/>
</testsuite> <!-- org.example.Runner.PreviousPendingDeliveryTestRunner -->
