<?xml version="1.0" encoding="UTF-8"?>
<!-- Generated by org.testng.reporters.JUnitReportReporter -->
<testsuite hostname="HO-IT-Fahim_D" name="org.example.Runner.DashboardTestRunner" tests="1" failures="1" timestamp="16 Aug 2023 04:02:48 GMT" time="3.363" errors="0">
  <testcase name="runScenario" time="3.363" classname="org.example.Runner.DashboardTestRunner">
    <failure type="java.lang.NullPointerException">
      <![CDATA[java.lang.NullPointerException
	at org.example.Page_Options.navigatetourl(Page_Options.java:25)
	at org.example.StepDefinitions.Dashboard.dashboard(Dashboard.java:14)
	at ?.login for accessing dashboard(file:///G:/Abul%20Hossain%20Chowdhury/Projects/Cucumber_For_AIR/src/test/resources/Features/Dashboard.feature:5)
]]>
    </failure>
  </testcase>
</testsuite>
