<?xml version="1.0" encoding="UTF-8"?>
<!-- Generated by org.testng.reporters.JUnitReportReporter -->
<testsuite hostname="HO-IT-Fahim_D" name="org.example.Runner.PreInvoiceTestRunner" tests="2" failures="0" timestamp="14 Aug 2023 10:12:14 GMT" time="24.658" errors="0">
  <testcase name="runScenario" time="11.797" classname="org.example.Runner.PreInvoiceTestRunner"/>
  <testcase name="runScenario" time="12.861" classname="org.example.Runner.PreInvoiceTestRunner"/>
</testsuite>
