<?xml version="1.0" encoding="UTF-8"?>
<!-- Generated by org.testng.reporters.JUnitReportReporter -->
<testsuite hostname="HO-IT-Fahim_D" name="org.example.Runner.DashboardTestRunner" tests="1" failures="0" timestamp="8 Aug 2023 07:49:02 GMT" time="9.330" errors="0">
  <testcase name="runScenario" time="9.330" classname="org.example.Runner.DashboardTestRunner"/>
</testsuite>
