<?xml version="1.0" encoding="UTF-8"?>
<!-- Generated by org.testng.reporters.JUnitReportReporter -->
<testsuite skipped="0" hostname="HO-IT-Fahim_D" name="org.example.Runner.CollectionsTestRunner" tests="2" failures="0" timestamp="2023-08-21T16:08:58 BDT" time="27.734" errors="0">
  <testcase name="runScenario" time="13.829" classname="org.example.Runner.CollectionsTestRunner"/>
  <testcase name="runScenario" time="13.905" classname="org.example.Runner.CollectionsTestRunner"/>
</testsuite> <!-- org.example.Runner.CollectionsTestRunner -->
