<?xml version="1.0" encoding="UTF-8"?>
<!-- Generated by org.testng.reporters.JUnitReportReporter -->
<testsuite skipped="0" hostname="HO-IT-Fahim_D" name="org.example.Runner.PreInvoiceTestRunner" tests="2" failures="0" timestamp="2023-08-21T16:08:58 BDT" time="25.871" errors="0">
  <testcase name="runScenario" time="11.958" classname="org.example.Runner.PreInvoiceTestRunner"/>
  <testcase name="runScenario" time="13.913" classname="org.example.Runner.PreInvoiceTestRunner"/>
</testsuite> <!-- org.example.Runner.PreInvoiceTestRunner -->
