<?xml version="1.0" encoding="UTF-8"?>
<!-- Generated by org.testng.reporters.JUnitReportReporter -->
<testsuite hostname="HO-IT-Fahim_D" name="org.example.Runner.ContactsTestRunner" tests="1" failures="0" timestamp="8 Aug 2023 07:49:02 GMT" time="7.440" errors="0">
  <testcase name="runScenario" time="7.440" classname="org.example.Runner.ContactsTestRunner"/>
</testsuite>
